2020-08-21 14:09:27,647 : INFO : __main__ : Loading Twitter tokens...
2020-08-21 14:09:27,647 : INFO : __main__ : Loading tokens from: '../api_keys/twitter_tokens/ag_tokens1.json' ...
2020-08-21 14:09:27,647 : INFO : __main__ : Tokens loaded successfully.

2020-08-21 14:09:27,647 : INFO : __main__ : Initilizing the Twitter API with first token...
2020-08-21 14:09:27,647 : INFO : __main__ : Grabbing specific token using key: <1>.
2020-08-21 14:09:27,647 : INFO : __main__ : Twitter access tokens/keys grabbed successfully.

2020-08-21 14:09:27,647 : INFO : __main__ : Working to set the API keys...
2020-08-21 14:09:27,790 : INFO : __main__ : Successfully set the API keys.

2020-08-21 14:09:27,793 : INFO : __main__ : Getting list of items in S3 bucket <user-followers-initial>...
2020-08-21 14:09:31,296 : INFO : __main__ : Getting list of items in S3 bucket <users-initial-errors>...
2020-08-21 14:09:31,366 : INFO : __main__ : Checking if file <users_with_errors_usatoday.csv> already exists in S3 bucket <users-initial-errors>...
2020-08-21 14:09:31,472 : INFO : __main__ : Getting the follower IDs for the selected users who follower usatoday.
2020-08-21 14:09:31,626 : INFO : __main__ : Trying to upload a file <followerIDs_1359998617> to S3...
2020-08-21 14:09:31,685 : INFO : __main__ : Data <followerIDs_1359998617> uploaded to the 'user-followers-initial' bucket.

2020-08-21 14:09:41,845 : INFO : __main__ : Trying to upload a file <followerIDs_1067128689614295040> to S3...
2020-08-21 14:09:41,910 : INFO : __main__ : Data <followerIDs_1067128689614295040> uploaded to the 'user-followers-initial' bucket.

2020-08-21 14:09:52,068 : INFO : __main__ : Trying to upload a file <followerIDs_290857744> to S3...
2020-08-21 14:09:52,188 : INFO : __main__ : Data <followerIDs_290857744> uploaded to the 'user-followers-initial' bucket.

2020-08-21 14:10:02,325 : INFO : __main__ : Trying to upload a file <followerIDs_264681319> to S3...
2020-08-21 14:10:02,423 : INFO : __main__ : Data <followerIDs_264681319> uploaded to the 'user-followers-initial' bucket.

2020-08-21 14:10:12,561 : INFO : __main__ : Trying to upload a file <followerIDs_2995346135> to S3...
2020-08-21 14:10:12,686 : INFO : __main__ : Data <followerIDs_2995346135> uploaded to the 'user-followers-initial' bucket.

2020-08-21 14:10:22,825 : INFO : __main__ : Trying to upload a file <followerIDs_843902904792768514> to S3...
2020-08-21 14:10:22,943 : INFO : __main__ : Data <followerIDs_843902904792768514> uploaded to the 'user-followers-initial' bucket.

2020-08-21 14:10:33,122 : INFO : __main__ : Trying to upload a file <followerIDs_1202953059669815297> to S3...
2020-08-21 14:10:33,182 : INFO : __main__ : Data <followerIDs_1202953059669815297> uploaded to the 'user-followers-initial' bucket.

2020-08-21 14:10:43,341 : INFO : __main__ : Trying to upload a file <followerIDs_1117170024551084032> to S3...
2020-08-21 14:10:43,417 : INFO : __main__ : Data <followerIDs_1117170024551084032> uploaded to the 'user-followers-initial' bucket.

2020-08-21 14:10:53,579 : INFO : __main__ : Trying to upload a file <followerIDs_196862677> to S3...
2020-08-21 14:10:53,823 : INFO : __main__ : Data <followerIDs_196862677> uploaded to the 'user-followers-initial' bucket.

2020-08-21 14:11:03,984 : INFO : __main__ : Trying to upload a file <followerIDs_179034402> to S3...
2020-08-21 14:11:04,115 : INFO : __main__ : Data <followerIDs_179034402> uploaded to the 'user-followers-initial' bucket.

2020-08-21 14:11:14,275 : INFO : __main__ : Trying to upload a file <followerIDs_994417083629764608> to S3...
2020-08-21 14:11:14,368 : INFO : __main__ : Data <followerIDs_994417083629764608> uploaded to the 'user-followers-initial' bucket.

2020-08-21 14:11:24,520 : INFO : __main__ : Trying to upload a file <followerIDs_260184446> to S3...
2020-08-21 14:11:24,579 : INFO : __main__ : Data <followerIDs_260184446> uploaded to the 'user-followers-initial' bucket.

2020-08-21 14:11:34,716 : INFO : __main__ : Trying to upload a file <followerIDs_308256366> to S3...
2020-08-21 14:11:34,778 : INFO : __main__ : Data <followerIDs_308256366> uploaded to the 'user-followers-initial' bucket.

2020-08-21 14:11:44,917 : INFO : __main__ : Trying to upload a file <followerIDs_49904203> to S3...
2020-08-21 14:11:44,981 : INFO : __main__ : Data <followerIDs_49904203> uploaded to the 'user-followers-initial' bucket.

2020-08-21 14:11:55,172 : INFO : __main__ : Trying to upload a file <followerIDs_769643365042262017> to S3...
2020-08-21 14:11:55,246 : INFO : __main__ : Data <followerIDs_769643365042262017> uploaded to the 'user-followers-initial' bucket.

2020-08-21 14:12:05,257 : INFO : __main__ : We have hit our rate limit, so we will now switch tokens.
2020-08-21 14:12:05,257 : INFO : __main__ :     Remaining Timeline Requests : 0 / 15
2020-08-21 14:12:05,257 : INFO : __main__ :     Access Token                : 5933322-wCl49LgvFzz0bnN35lDUQkAQyfwmNAotuwEdVa3n4g
2020-08-21 14:12:05,257 : INFO : __main__ : Trying to switch tokens to ensure we don't hit a rate limit.
2020-08-21 14:12:05,257 : INFO : __main__ : Trying to grab the dictionary key within 'all_tokens'...
2020-08-21 14:12:05,258 : INFO : __main__ : Successfully grabbed token key.

2020-08-21 14:12:05,258 : INFO : __main__ : Grabbing specific token using key: <2>.
2020-08-21 14:12:05,258 : INFO : __main__ : Twitter access tokens/keys grabbed successfully.

2020-08-21 14:12:05,258 : INFO : __main__ : Working to set the API keys...
2020-08-21 14:12:05,421 : INFO : __main__ : Successfully set the API keys.

2020-08-21 14:12:05,422 : INFO : __main__ : Switched to token: 5933322-xvO3V7EYf2yuNPJo1W33m0dUoMu7E88vljNRDN9rvb.
2020-08-21 14:12:05,569 : INFO : __main__ : Trying to upload a file <followerIDs_916287098721841152> to S3...
2020-08-21 14:12:05,650 : INFO : __main__ : Data <followerIDs_916287098721841152> uploaded to the 'user-followers-initial' bucket.

2020-08-21 14:12:15,786 : INFO : __main__ : Trying to upload a file <followerIDs_857625129597227009> to S3...
2020-08-21 14:12:15,886 : INFO : __main__ : Data <followerIDs_857625129597227009> uploaded to the 'user-followers-initial' bucket.

2020-08-21 14:12:26,049 : INFO : __main__ : Trying to upload a file <followerIDs_1534848493> to S3...
2020-08-21 14:12:26,102 : INFO : __main__ : Data <followerIDs_1534848493> uploaded to the 'user-followers-initial' bucket.

2020-08-21 14:12:36,115 : INFO : __main__ : Trying to upload a file <users_with_errors_usatoday> to S3...
2020-08-21 14:12:36,179 : INFO : __main__ : Data <users_with_errors_usatoday> uploaded to the 'users-initial-errors' bucket.

