2020-08-21 14:20:12,581 : INFO : __main__ : Loading Twitter tokens...
2020-08-21 14:20:12,582 : INFO : __main__ : Loading tokens from: '../api_keys/twitter_tokens/ckt_tokens2.json' ...
2020-08-21 14:20:12,582 : INFO : __main__ : Tokens loaded successfully.

2020-08-21 14:20:12,582 : INFO : __main__ : Initilizing the Twitter API with first token...
2020-08-21 14:20:12,582 : INFO : __main__ : Grabbing specific token using key: <1>.
2020-08-21 14:20:12,582 : INFO : __main__ : Twitter access tokens/keys grabbed successfully.

2020-08-21 14:20:12,582 : INFO : __main__ : Working to set the API keys...
2020-08-21 14:20:12,739 : INFO : __main__ : Successfully set the API keys.

2020-08-21 14:20:12,742 : INFO : __main__ : Getting list of items in S3 bucket <user-followers-initial>...
2020-08-21 14:20:16,237 : INFO : __main__ : Getting list of items in S3 bucket <users-initial-errors>...
2020-08-21 14:20:16,310 : INFO : __main__ : Checking if file <users_with_errors_dcexaminer.csv> already exists in S3 bucket <users-initial-errors>...
2020-08-21 14:20:16,403 : INFO : __main__ : Getting the follower IDs for the selected users who follower dcexaminer.
2020-08-21 14:20:16,556 : INFO : __main__ : Trying to upload a file <followerIDs_114348868> to S3...
2020-08-21 14:20:16,612 : INFO : __main__ : Data <followerIDs_114348868> uploaded to the 'user-followers-initial' bucket.

2020-08-21 14:20:26,778 : INFO : __main__ : Trying to upload a file <followerIDs_1050208710679769088> to S3...
2020-08-21 14:20:26,861 : INFO : __main__ : Data <followerIDs_1050208710679769088> uploaded to the 'user-followers-initial' bucket.

2020-08-21 14:20:36,995 : INFO : __main__ : Trying to upload a file <followerIDs_1011049917874352129> to S3...
2020-08-21 14:20:37,064 : INFO : __main__ : Data <followerIDs_1011049917874352129> uploaded to the 'user-followers-initial' bucket.

2020-08-21 14:20:47,204 : INFO : __main__ : Trying to upload a file <followerIDs_28557652> to S3...
2020-08-21 14:20:47,264 : INFO : __main__ : Data <followerIDs_28557652> uploaded to the 'user-followers-initial' bucket.

2020-08-21 14:20:57,417 : INFO : __main__ : Trying to upload a file <followerIDs_1964774822> to S3...
2020-08-21 14:20:57,587 : INFO : __main__ : Data <followerIDs_1964774822> uploaded to the 'user-followers-initial' bucket.

2020-08-21 14:21:07,761 : INFO : __main__ : Trying to upload a file <followerIDs_351017535> to S3...
2020-08-21 14:21:07,820 : INFO : __main__ : Data <followerIDs_351017535> uploaded to the 'user-followers-initial' bucket.

2020-08-21 14:21:17,962 : INFO : __main__ : Trying to upload a file <followerIDs_1007418096942972929> to S3...
2020-08-21 14:21:18,023 : INFO : __main__ : Data <followerIDs_1007418096942972929> uploaded to the 'user-followers-initial' bucket.

2020-08-21 14:21:28,175 : INFO : __main__ : Trying to upload a file <followerIDs_169803317> to S3...
2020-08-21 14:21:28,251 : INFO : __main__ : Data <followerIDs_169803317> uploaded to the 'user-followers-initial' bucket.

2020-08-21 14:21:38,383 : INFO : __main__ : Trying to upload a file <followerIDs_1225634192> to S3...
2020-08-21 14:21:38,448 : INFO : __main__ : Data <followerIDs_1225634192> uploaded to the 'user-followers-initial' bucket.

2020-08-21 14:21:48,581 : INFO : __main__ : Trying to upload a file <followerIDs_384073122> to S3...
2020-08-21 14:21:48,884 : INFO : __main__ : Data <followerIDs_384073122> uploaded to the 'user-followers-initial' bucket.

2020-08-21 14:21:59,022 : INFO : __main__ : Trying to upload a file <followerIDs_768854849232445442> to S3...
2020-08-21 14:21:59,084 : INFO : __main__ : Data <followerIDs_768854849232445442> uploaded to the 'user-followers-initial' bucket.

2020-08-21 14:22:09,254 : INFO : __main__ : Trying to upload a file <followerIDs_827660628252778496> to S3...
2020-08-21 14:22:09,308 : INFO : __main__ : Data <followerIDs_827660628252778496> uploaded to the 'user-followers-initial' bucket.

2020-08-21 14:22:19,536 : INFO : __main__ : Trying to upload a file <followerIDs_816471808719355904> to S3...
2020-08-21 14:22:19,592 : INFO : __main__ : Data <followerIDs_816471808719355904> uploaded to the 'user-followers-initial' bucket.

2020-08-21 14:22:29,699 : INFO : __main__ : Trying to upload a file <followerIDs_351722551> to S3...
2020-08-21 14:22:29,772 : INFO : __main__ : Data <followerIDs_351722551> uploaded to the 'user-followers-initial' bucket.

2020-08-21 14:22:39,914 : INFO : __main__ : Trying to upload a file <followerIDs_2269182204> to S3...
2020-08-21 14:22:39,976 : INFO : __main__ : Data <followerIDs_2269182204> uploaded to the 'user-followers-initial' bucket.

2020-08-21 14:22:49,986 : INFO : __main__ : We have hit our rate limit, so we will now switch tokens.
2020-08-21 14:22:49,986 : INFO : __main__ :     Remaining Timeline Requests : 0 / 15
2020-08-21 14:22:49,986 : INFO : __main__ :     Access Token                : 41155612-YlCQMHKKDeuFr6DEfKgfpkdH9j86F9yX6F1Vvtj4A
2020-08-21 14:22:49,986 : INFO : __main__ : Trying to switch tokens to ensure we don't hit a rate limit.
2020-08-21 14:22:49,987 : INFO : __main__ : Trying to grab the dictionary key within 'all_tokens'...
2020-08-21 14:22:49,987 : INFO : __main__ : Successfully grabbed token key.

2020-08-21 14:22:49,987 : INFO : __main__ : Grabbing specific token using key: <2>.
2020-08-21 14:22:49,987 : INFO : __main__ : Twitter access tokens/keys grabbed successfully.

2020-08-21 14:22:49,987 : INFO : __main__ : Working to set the API keys...
2020-08-21 14:22:50,161 : INFO : __main__ : Successfully set the API keys.

2020-08-21 14:22:50,161 : INFO : __main__ : Switched to token: 41155612-tesF1rEd0Zhwd1tIq5Dfwz8IdhbxwljNRIDdpsQn4.
2020-08-21 14:22:50,286 : INFO : __main__ : Trying to upload a file <followerIDs_567580361> to S3...
2020-08-21 14:22:50,346 : INFO : __main__ : Data <followerIDs_567580361> uploaded to the 'user-followers-initial' bucket.

2020-08-21 14:23:00,359 : INFO : __main__ : Trying to upload a file <users_with_errors_dcexaminer> to S3...
2020-08-21 14:23:00,422 : INFO : __main__ : Data <users_with_errors_dcexaminer> uploaded to the 'users-initial-errors' bucket.

