2020-08-21 14:18:52,445 : INFO : __main__ : Loading Twitter tokens...
2020-08-21 14:18:52,445 : INFO : __main__ : Loading tokens from: '../api_keys/twitter_tokens/ckt_tokens1.json' ...
2020-08-21 14:18:52,445 : INFO : __main__ : Tokens loaded successfully.

2020-08-21 14:18:52,445 : INFO : __main__ : Initilizing the Twitter API with first token...
2020-08-21 14:18:52,445 : INFO : __main__ : Grabbing specific token using key: <1>.
2020-08-21 14:18:52,446 : INFO : __main__ : Twitter access tokens/keys grabbed successfully.

2020-08-21 14:18:52,446 : INFO : __main__ : Working to set the API keys...
2020-08-21 14:18:52,615 : INFO : __main__ : Successfully set the API keys.

2020-08-21 14:18:52,618 : INFO : __main__ : Getting list of items in S3 bucket <user-followers-initial>...
2020-08-21 14:18:56,012 : INFO : __main__ : Getting list of items in S3 bucket <users-initial-errors>...
2020-08-21 14:18:56,094 : INFO : __main__ : Checking if file <users_with_errors_voxdotcom.csv> already exists in S3 bucket <users-initial-errors>...
2020-08-21 14:18:56,170 : INFO : __main__ : Getting the follower IDs for the selected users who follower voxdotcom.
2020-08-21 14:26:27,411 : INFO : __main__ : Trying to upload a file <followerIDs_374153031> to S3...
2020-08-21 14:26:27,505 : INFO : __main__ : Data <followerIDs_374153031> uploaded to the 'user-followers-initial' bucket.

2020-08-21 14:26:37,668 : INFO : __main__ : Trying to upload a file <followerIDs_555212983> to S3...
2020-08-21 14:26:37,728 : INFO : __main__ : Data <followerIDs_555212983> uploaded to the 'user-followers-initial' bucket.

2020-08-21 14:26:47,892 : INFO : __main__ : Trying to upload a file <followerIDs_938499305362599937> to S3...
2020-08-21 14:26:48,013 : INFO : __main__ : Data <followerIDs_938499305362599937> uploaded to the 'user-followers-initial' bucket.

2020-08-21 14:26:58,173 : INFO : __main__ : Trying to upload a file <followerIDs_548932783> to S3...
2020-08-21 14:26:58,230 : INFO : __main__ : Data <followerIDs_548932783> uploaded to the 'user-followers-initial' bucket.

2020-08-21 14:27:08,340 : INFO : __main__ : Trying to upload a file <followerIDs_955310291604078592> to S3...
2020-08-21 14:27:08,401 : INFO : __main__ : Data <followerIDs_955310291604078592> uploaded to the 'user-followers-initial' bucket.

2020-08-21 14:27:18,561 : INFO : __main__ : Trying to upload a file <followerIDs_1035608293> to S3...
2020-08-21 14:27:20,225 : INFO : __main__ : Data <followerIDs_1035608293> uploaded to the 'user-followers-initial' bucket.

2020-08-21 14:27:30,358 : INFO : __main__ : Trying to upload a file <followerIDs_2476035991> to S3...
2020-08-21 14:27:30,477 : INFO : __main__ : Data <followerIDs_2476035991> uploaded to the 'user-followers-initial' bucket.

2020-08-21 14:27:40,638 : INFO : __main__ : Trying to upload a file <followerIDs_220871931> to S3...
2020-08-21 14:27:40,773 : INFO : __main__ : Data <followerIDs_220871931> uploaded to the 'user-followers-initial' bucket.

2020-08-21 14:27:50,911 : INFO : __main__ : Trying to upload a file <followerIDs_237547739> to S3...
2020-08-21 14:27:51,032 : INFO : __main__ : Data <followerIDs_237547739> uploaded to the 'user-followers-initial' bucket.

2020-08-21 14:28:01,174 : INFO : __main__ : Trying to upload a file <followerIDs_283309857> to S3...
2020-08-21 14:28:01,262 : INFO : __main__ : Data <followerIDs_283309857> uploaded to the 'user-followers-initial' bucket.

2020-08-21 14:28:11,421 : INFO : __main__ : Trying to upload a file <followerIDs_2270630784> to S3...
2020-08-21 14:28:11,480 : INFO : __main__ : Data <followerIDs_2270630784> uploaded to the 'user-followers-initial' bucket.

2020-08-21 14:28:21,615 : INFO : __main__ : Trying to upload a file <followerIDs_1145689016106463232> to S3...
2020-08-21 14:28:21,701 : INFO : __main__ : Data <followerIDs_1145689016106463232> uploaded to the 'user-followers-initial' bucket.

2020-08-21 14:28:31,860 : INFO : __main__ : Trying to upload a file <followerIDs_1170027395719544832> to S3...
2020-08-21 14:28:31,920 : INFO : __main__ : Data <followerIDs_1170027395719544832> uploaded to the 'user-followers-initial' bucket.

2020-08-21 14:28:42,099 : INFO : __main__ : Trying to upload a file <followerIDs_365355629> to S3...
2020-08-21 14:28:42,185 : INFO : __main__ : Data <followerIDs_365355629> uploaded to the 'user-followers-initial' bucket.

2020-08-21 14:28:52,317 : INFO : __main__ : Trying to upload a file <followerIDs_1395967189> to S3...
2020-08-21 14:28:52,536 : INFO : __main__ : Data <followerIDs_1395967189> uploaded to the 'user-followers-initial' bucket.

2020-08-21 14:29:02,547 : INFO : __main__ : We have hit our rate limit, so we will now switch tokens.
2020-08-21 14:29:02,548 : INFO : __main__ :     Remaining Timeline Requests : 0 / 15
2020-08-21 14:29:02,548 : INFO : __main__ :     Access Token                : 41155612-SW4g1S8bzZOa9GGQmMfddPqPczYkROlJiqS48s5XJ
2020-08-21 14:29:02,548 : INFO : __main__ : Trying to switch tokens to ensure we don't hit a rate limit.
2020-08-21 14:29:02,548 : INFO : __main__ : Trying to grab the dictionary key within 'all_tokens'...
2020-08-21 14:29:02,549 : INFO : __main__ : Successfully grabbed token key.

2020-08-21 14:29:02,549 : INFO : __main__ : Grabbing specific token using key: <2>.
2020-08-21 14:29:02,549 : INFO : __main__ : Twitter access tokens/keys grabbed successfully.

2020-08-21 14:29:02,549 : INFO : __main__ : Working to set the API keys...
2020-08-21 14:29:02,717 : INFO : __main__ : Successfully set the API keys.

2020-08-21 14:29:02,717 : INFO : __main__ : Switched to token: 41155612-G0ZvOeuZAEy66Wf7MJ46fmZbFnMvOQ6Heoc8RJakI.
2020-08-21 14:29:02,871 : INFO : __main__ : Trying to upload a file <followerIDs_705883> to S3...
2020-08-21 14:29:02,948 : INFO : __main__ : Data <followerIDs_705883> uploaded to the 'user-followers-initial' bucket.

2020-08-21 14:29:13,108 : INFO : __main__ : Trying to upload a file <followerIDs_205513227> to S3...
2020-08-21 14:29:13,227 : INFO : __main__ : Data <followerIDs_205513227> uploaded to the 'user-followers-initial' bucket.

2020-08-21 14:29:23,388 : INFO : __main__ : Trying to upload a file <followerIDs_1161275646313664515> to S3...
2020-08-21 14:29:23,452 : INFO : __main__ : Data <followerIDs_1161275646313664515> uploaded to the 'user-followers-initial' bucket.

2020-08-21 14:29:33,590 : INFO : __main__ : Trying to upload a file <followerIDs_912532061411561472> to S3...
2020-08-21 14:29:33,670 : INFO : __main__ : Data <followerIDs_912532061411561472> uploaded to the 'user-followers-initial' bucket.

2020-08-21 14:29:43,683 : INFO : __main__ : Trying to upload a file <users_with_errors_voxdotcom> to S3...
2020-08-21 14:29:43,775 : INFO : __main__ : Data <users_with_errors_voxdotcom> uploaded to the 'users-initial-errors' bucket.

