2020-08-14 16:16:19,183 : INFO : __main__ : Loading Twitter tokens...
2020-08-14 16:16:19,183 : INFO : __main__ : Loading tokens from: '../api_keys/twitter_tokens/ckt_tokens2.json' ...
2020-08-14 16:16:19,183 : INFO : __main__ : Tokens loaded successfully.

2020-08-14 16:16:19,183 : INFO : __main__ : Initilizing the Twitter API with first token...
2020-08-14 16:16:19,183 : INFO : __main__ : Grabbing specific token using key: <1>.
2020-08-14 16:16:19,183 : INFO : __main__ : Twitter access tokens/keys grabbed successfully.

2020-08-14 16:16:19,183 : INFO : __main__ : Working to set the API keys...
2020-08-14 16:16:19,368 : INFO : __main__ : Successfully set the API keys.

2020-08-14 16:16:19,371 : INFO : __main__ : Getting list of items in S3 bucket <user-followers-initial>...
2020-08-14 16:16:22,291 : INFO : __main__ : Getting list of items in S3 bucket <users-initial-errors>...
2020-08-14 16:16:22,357 : INFO : __main__ : Checking if file <users_with_errors_cbsnews.csv> already exists in S3 bucket <users-initial-errors>...
2020-08-14 16:16:22,507 : INFO : __main__ : Getting the follower IDs for the selected users who follower cbsnews.
2020-08-14 16:16:22,654 : INFO : __main__ : Trying to upload a file <followerIDs_2581504669> to S3...
2020-08-14 16:16:22,711 : INFO : __main__ : Data <followerIDs_2581504669> uploaded to the 'user-followers-initial' bucket.

2020-08-14 16:16:32,872 : INFO : __main__ : Trying to upload a file <followerIDs_386664280> to S3...
2020-08-14 16:16:32,932 : INFO : __main__ : Data <followerIDs_386664280> uploaded to the 'user-followers-initial' bucket.

2020-08-14 16:16:43,084 : INFO : __main__ : Trying to upload a file <followerIDs_155149105> to S3...
2020-08-14 16:16:43,154 : INFO : __main__ : Data <followerIDs_155149105> uploaded to the 'user-followers-initial' bucket.

2020-08-14 16:16:53,310 : INFO : __main__ : Trying to upload a file <followerIDs_1288584741608980480> to S3...
2020-08-14 16:16:53,377 : INFO : __main__ : Data <followerIDs_1288584741608980480> uploaded to the 'user-followers-initial' bucket.

2020-08-14 16:17:03,539 : INFO : __main__ : Trying to upload a file <followerIDs_581582883> to S3...
2020-08-14 16:17:03,670 : INFO : __main__ : Data <followerIDs_581582883> uploaded to the 'user-followers-initial' bucket.

2020-08-14 16:17:13,684 : INFO : __main__ : Trying to upload a file <users_with_errors_cbsnews> to S3...
2020-08-14 16:17:13,820 : INFO : __main__ : Data <users_with_errors_cbsnews> uploaded to the 'users-initial-errors' bucket.

